{"C:\\Users\\Charles\\Atlas\\Personal\\DevPortfolio\\apps\\portfolio\\messages\\en.json": {"path":"C:\\Users\\Charles\\Atlas\\Personal\\DevPortfolio\\apps\\portfolio\\messages\\en.json","statementMap":{},"fnMap":{},"branchMap":{},"s":{},"f":{},"b":{},"meta":{"lastBranch":0,"lastFunction":0,"lastStatement":0,"seen":{}}}
,"C:\\Users\\Charles\\Atlas\\Personal\\DevPortfolio\\apps\\portfolio\\messages\\es.json": {"path":"C:\\Users\\Charles\\Atlas\\Personal\\DevPortfolio\\apps\\portfolio\\messages\\es.json","statementMap":{},"fnMap":{},"branchMap":{},"s":{},"f":{},"b":{},"meta":{"lastBranch":0,"lastFunction":0,"lastStatement":0,"seen":{}}}
,"C:\\Users\\Charles\\Atlas\\Personal\\DevPortfolio\\apps\\portfolio\\src\\features\\hero\\Hero.tsx": {"path":"C:\\Users\\Charles\\Atlas\\Personal\\DevPortfolio\\apps\\portfolio\\src\\features\\hero\\Hero.tsx","statementMap":{"0":{"start":{"line":18,"column":8},"end":{"line":18,"column":null}},"1":{"start":{"line":19,"column":8},"end":{"line":19,"column":null}},"2":{"start":{"line":20,"column":8},"end":{"line":20,"column":null}},"3":{"start":{"line":22,"column":27},"end":{"line":27,"column":null}},"4":{"start":{"line":23,"column":28},"end":{"line":23,"column":null}},"5":{"start":{"line":24,"column":4},"end":{"line":26,"column":null}},"6":{"start":{"line":25,"column":6},"end":{"line":25,"column":null}},"7":{"start":{"line":29,"column":26},"end":{"line":34,"column":null}},"8":{"start":{"line":30,"column":27},"end":{"line":30,"column":null}},"9":{"start":{"line":31,"column":4},"end":{"line":33,"column":null}},"10":{"start":{"line":32,"column":6},"end":{"line":32,"column":null}},"11":{"start":{"line":36,"column":21},"end":{"line":39,"column":null}},"12":{"start":{"line":37,"column":23},"end":{"line":37,"column":null}},"13":{"start":{"line":38,"column":4},"end":{"line":38,"column":null}},"14":{"start":{"line":41,"column":21},"end":{"line":51,"column":null}},"15":{"start":{"line":53,"column":28},"end":{"line":60,"column":null}},"16":{"start":{"line":62,"column":22},"end":{"line":65,"column":null}},"17":{"start":{"line":67,"column":2},"end":{"line":254,"column":null}},"18":{"start":{"line":222,"column":18},"end":{"line":224,"column":null}}},"fnMap":{"0":{"name":"Hero","decl":{"start":{"line":17,"column":16},"end":{"line":17,"column":23}},"loc":{"start":{"line":17,"column":23},"end":{"line":256,"column":null}},"line":17},"1":{"name":"(anonymous_1)","decl":{"start":{"line":22,"column":27},"end":{"line":22,"column":33}},"loc":{"start":{"line":22,"column":33},"end":{"line":27,"column":null}},"line":22},"2":{"name":"(anonymous_2)","decl":{"start":{"line":29,"column":26},"end":{"line":29,"column":32}},"loc":{"start":{"line":29,"column":32},"end":{"line":34,"column":null}},"line":29},"3":{"name":"(anonymous_3)","decl":{"start":{"line":36,"column":21},"end":{"line":36,"column":27}},"loc":{"start":{"line":36,"column":27},"end":{"line":39,"column":null}},"line":36},"4":{"name":"(anonymous_4)","decl":{"start":{"line":221,"column":32},"end":{"line":221,"column":33}},"loc":{"start":{"line":222,"column":18},"end":{"line":224,"column":null}},"line":222}},"branchMap":{"0":{"loc":{"start":{"line":24,"column":4},"end":{"line":26,"column":null}},"type":"if","locations":[{"start":{"line":24,"column":4},"end":{"line":26,"column":null}},{"start":{},"end":{}}],"line":24},"1":{"loc":{"start":{"line":31,"column":4},"end":{"line":33,"column":null}},"type":"if","locations":[{"start":{"line":31,"column":4},"end":{"line":33,"column":null}},{"start":{},"end":{}}],"line":31},"2":{"loc":{"start":{"line":37,"column":23},"end":{"line":37,"column":null}},"type":"cond-expr","locations":[{"start":{"line":37,"column":41},"end":{"line":37,"column":54}},{"start":{"line":37,"column":54},"end":{"line":37,"column":null}}],"line":37},"3":{"loc":{"start":{"line":108,"column":11},"end":{"line":117,"column":null}},"type":"binary-expr","locations":[{"start":{"line":108,"column":11},"end":{"line":108,"column":null}},{"start":{"line":109,"column":12},"end":{"line":117,"column":null}}],"line":108}},"s":{"0":25,"1":25,"2":25,"3":25,"4":2,"5":2,"6":1,"7":25,"8":2,"9":2,"10":1,"11":25,"12":3,"13":3,"14":25,"15":25,"16":25,"17":25,"18":225},"f":{"0":25,"1":2,"2":2,"3":3,"4":225},"b":{"0":[1,1],"1":[1,1],"2":[1,2],"3":[25,25]},"meta":{"lastBranch":4,"lastFunction":5,"lastStatement":19,"seen":{"f:17:16:17:23":0,"s:18:8:18:Infinity":0,"s:19:8:19:Infinity":1,"s:20:8:20:Infinity":2,"s:22:27:27:Infinity":3,"f:22:27:22:33":1,"s:23:28:23:Infinity":4,"b:24:4:26:Infinity:undefined:undefined:undefined:undefined":0,"s:24:4:26:Infinity":5,"s:25:6:25:Infinity":6,"s:29:26:34:Infinity":7,"f:29:26:29:32":2,"s:30:27:30:Infinity":8,"b:31:4:33:Infinity:undefined:undefined:undefined:undefined":1,"s:31:4:33:Infinity":9,"s:32:6:32:Infinity":10,"s:36:21:39:Infinity":11,"f:36:21:36:27":3,"s:37:23:37:Infinity":12,"b:37:41:37:54:37:54:37:Infinity":2,"s:38:4:38:Infinity":13,"s:41:21:51:Infinity":14,"s:53:28:60:Infinity":15,"s:62:22:65:Infinity":16,"s:67:2:254:Infinity":17,"b:108:11:108:Infinity:109:12:117:Infinity":3,"f:221:32:221:33":4,"s:222:18:224:Infinity":18}}}
,"C:\\Users\\Charles\\Atlas\\Personal\\DevPortfolio\\apps\\portfolio\\src\\shared\\components\\ui\\Button.tsx": {"path":"C:\\Users\\Charles\\Atlas\\Personal\\DevPortfolio\\apps\\portfolio\\src\\shared\\components\\ui\\Button.tsx","statementMap":{"0":{"start":{"line":22,"column":23},"end":{"line":26,"column":null}},"1":{"start":{"line":28,"column":20},"end":{"line":32,"column":null}},"2":{"start":{"line":34,"column":13},"end":{"line":48,"column":null}},"3":{"start":{"line":37,"column":6},"end":{"line":37,"column":null}},"4":{"start":{"line":39,"column":26},"end":{"line":39,"column":null}},"5":{"start":{"line":40,"column":23},"end":{"line":40,"column":null}},"6":{"start":{"line":42,"column":4},"end":{"line":45,"column":null}},"7":{"start":{"line":50,"column":0},"end":{"line":50,"column":null}}},"fnMap":{"0":{"name":"(anonymous_0)","decl":{"start":{"line":35,"column":2},"end":{"line":35,"column":3}},"loc":{"start":{"line":35,"column":80},"end":{"line":47,"column":null}},"line":35}},"branchMap":{"0":{"loc":{"start":{"line":35,"column":16},"end":{"line":35,"column":37}},"type":"default-arg","locations":[{"start":{"line":35,"column":26},"end":{"line":35,"column":37}}],"line":35},"1":{"loc":{"start":{"line":35,"column":37},"end":{"line":35,"column":50}},"type":"default-arg","locations":[{"start":{"line":35,"column":44},"end":{"line":35,"column":50}}],"line":35}},"s":{"0":1,"1":1,"2":1,"3":75,"4":75,"5":75,"6":75,"7":1},"f":{"0":75},"b":{"0":[75],"1":[75]},"meta":{"lastBranch":2,"lastFunction":1,"lastStatement":8,"seen":{"s:22:23:26:Infinity":0,"s:28:20:32:Infinity":1,"s:34:13:48:Infinity":2,"f:35:2:35:3":0,"b:35:26:35:37":0,"b:35:44:35:50":1,"s:37:6:37:Infinity":3,"s:39:26:39:Infinity":4,"s:40:23:40:Infinity":5,"s:42:4:45:Infinity":6,"s:50:0:50:Infinity":7}}}
,"C:\\Users\\Charles\\Atlas\\Personal\\DevPortfolio\\apps\\portfolio\\src\\shared\\constants\\personal.ts": {"path":"C:\\Users\\Charles\\Atlas\\Personal\\DevPortfolio\\apps\\portfolio\\src\\shared\\constants\\personal.ts","statementMap":{"0":{"start":{"line":36,"column":42},"end":{"line":68,"column":null}},"1":{"start":{"line":73,"column":28},"end":{"line":75,"column":null}},"2":{"start":{"line":80,"column":31},"end":{"line":87,"column":null}},"3":{"start":{"line":92,"column":26},"end":{"line":101,"column":null}},"4":{"start":{"line":106,"column":26},"end":{"line":109,"column":null}},"5":{"start":{"line":114,"column":29},"end":{"line":120,"column":null}},"6":{"start":{"line":125,"column":26},"end":{"line":131,"column":null}}},"fnMap":{},"branchMap":{},"s":{"0":1,"1":1,"2":1,"3":1,"4":1,"5":1,"6":1},"f":{},"b":{},"meta":{"lastBranch":0,"lastFunction":0,"lastStatement":7,"seen":{"s:36:42:68:Infinity":0,"s:73:28:75:Infinity":1,"s:80:31:87:Infinity":2,"s:92:26:101:Infinity":3,"s:106:26:109:Infinity":4,"s:114:29:120:Infinity":5,"s:125:26:131:Infinity":6}}}
,"C:\\Users\\Charles\\Atlas\\Personal\\DevPortfolio\\apps\\portfolio\\src\\shared\\utils\\cn.ts": {"path":"C:\\Users\\Charles\\Atlas\\Personal\\DevPortfolio\\apps\\portfolio\\src\\shared\\utils\\cn.ts","statementMap":{"0":{"start":{"line":12,"column":2},"end":{"line":12,"column":null}}},"fnMap":{"0":{"name":"cn","decl":{"start":{"line":11,"column":16},"end":{"line":11,"column":22}},"loc":{"start":{"line":11,"column":44},"end":{"line":13,"column":null}},"line":11}},"branchMap":{},"s":{"0":75},"f":{"0":75},"b":{},"meta":{"lastBranch":0,"lastFunction":1,"lastStatement":1,"seen":{"f:11:16:11:22":0,"s:12:2:12:Infinity":0}}}
,"C:\\Users\\Charles\\Atlas\\Personal\\DevPortfolio\\apps\\portfolio\\src\\shared\\utils\\motion.ts": {"path":"C:\\Users\\Charles\\Atlas\\Personal\\DevPortfolio\\apps\\portfolio\\src\\shared\\utils\\motion.ts","statementMap":{"0":{"start":{"line":5,"column":32},"end":{"line":13,"column":null}},"1":{"start":{"line":5,"column":82},"end":{"line":13,"column":null}},"2":{"start":{"line":15,"column":34},"end":{"line":25,"column":null}},"3":{"start":{"line":27,"column":32},"end":{"line":36,"column":null}},"4":{"start":{"line":38,"column":34},"end":{"line":42,"column":null}}},"fnMap":{"0":{"name":"(anonymous_0)","decl":{"start":{"line":5,"column":32},"end":{"line":5,"column":33}},"loc":{"start":{"line":5,"column":82},"end":{"line":13,"column":null}},"line":5}},"branchMap":{"0":{"loc":{"start":{"line":5,"column":33},"end":{"line":5,"column":49}},"type":"default-arg","locations":[{"start":{"line":5,"column":43},"end":{"line":5,"column":49}}],"line":5},"1":{"loc":{"start":{"line":5,"column":49},"end":{"line":5,"column":82}},"type":"default-arg","locations":[{"start":{"line":5,"column":65},"end":{"line":5,"column":82}}],"line":5}},"s":{"0":1,"1":50,"2":1,"3":1,"4":1},"f":{"0":50},"b":{"0":[50],"1":[50]},"meta":{"lastBranch":2,"lastFunction":1,"lastStatement":5,"seen":{"s:5:32:13:Infinity":0,"f:5:32:5:33":0,"s:5:82:13:Infinity":1,"b:5:43:5:49":0,"b:5:65:5:82":1,"s:15:34:25:Infinity":2,"s:27:32:36:Infinity":3,"s:38:34:42:Infinity":4}}}
}
